[11-Apr-2018 20:40:02 UTC] PHP Warning:  include(../includes/dbConnection.php): failed to open stream: No such file or directory in /home/ubuntu/workspace/crgalvan/teamproject/menu.php on line 3
[11-Apr-2018 20:40:02 UTC] PHP Stack trace:
[11-Apr-2018 20:40:02 UTC] PHP   1. {main}() /home/ubuntu/workspace/crgalvan/teamproject/menu.php:0
[11-Apr-2018 20:40:02 UTC] PHP Warning:  include(): Failed opening '../includes/dbConnection.php' for inclusion (include_path='.:/usr/share/php:/usr/share/pear') in /home/ubuntu/workspace/crgalvan/teamproject/menu.php on line 3
[11-Apr-2018 20:40:02 UTC] PHP Stack trace:
[11-Apr-2018 20:40:02 UTC] PHP   1. {main}() /home/ubuntu/workspace/crgalvan/teamproject/menu.php:0
[11-Apr-2018 20:40:02 UTC] PHP Fatal error:  Call to undefined function getDatabaseConnection() in /home/ubuntu/workspace/crgalvan/teamproject/menu.php on line 10
[11-Apr-2018 20:40:02 UTC] PHP Stack trace:
[11-Apr-2018 20:40:02 UTC] PHP   1. {main}() /home/ubuntu/workspace/crgalvan/teamproject/menu.php:0
[11-Apr-2018 21:14:30 UTC] PHP Warning:  include(../includes/dbConnection.php): failed to open stream: No such file or directory in /home/ubuntu/workspace/crgalvan/teamproject/menu.php on line 2
[11-Apr-2018 21:14:31 UTC] PHP Stack trace:
[11-Apr-2018 21:14:31 UTC] PHP   1. {main}() /home/ubuntu/workspace/crgalvan/teamproject/menu.php:0
[11-Apr-2018 21:14:31 UTC] PHP Warning:  include(): Failed opening '../includes/dbConnection.php' for inclusion (include_path='.:/usr/share/php:/usr/share/pear') in /home/ubuntu/workspace/crgalvan/teamproject/menu.php on line 2
[11-Apr-2018 21:14:31 UTC] PHP Stack trace:
[11-Apr-2018 21:14:31 UTC] PHP   1. {main}() /home/ubuntu/workspace/crgalvan/teamproject/menu.php:0
[11-Apr-2018 21:14:31 UTC] PHP Fatal error:  Call to undefined function getDatabaseConnection() in /home/ubuntu/workspace/crgalvan/teamproject/menu.php on line 9
[11-Apr-2018 21:14:31 UTC] PHP Stack trace:
[11-Apr-2018 21:14:31 UTC] PHP   1. {main}() /home/ubuntu/workspace/crgalvan/teamproject/menu.php:0
[11-Apr-2018 21:15:28 UTC] PHP Warning:  include(../includes/dbConnection.php): failed to open stream: No such file or directory in /home/ubuntu/workspace/crgalvan/teamproject/scart.php on line 3
[11-Apr-2018 21:15:28 UTC] PHP Stack trace:
[11-Apr-2018 21:15:28 UTC] PHP   1. {main}() /home/ubuntu/workspace/crgalvan/teamproject/scart.php:0
[11-Apr-2018 21:15:28 UTC] PHP Warning:  include(): Failed opening '../includes/dbConnection.php' for inclusion (include_path='.:/usr/share/php:/usr/share/pear') in /home/ubuntu/workspace/crgalvan/teamproject/scart.php on line 3
[11-Apr-2018 21:15:28 UTC] PHP Stack trace:
[11-Apr-2018 21:15:28 UTC] PHP   1. {main}() /home/ubuntu/workspace/crgalvan/teamproject/scart.php:0
[11-Apr-2018 21:15:28 UTC] PHP Fatal error:  Call to undefined function getDatabaseConnection() in /home/ubuntu/workspace/crgalvan/teamproject/scart.php on line 5
[11-Apr-2018 21:15:28 UTC] PHP Stack trace:
[11-Apr-2018 21:15:28 UTC] PHP   1. {main}() /home/ubuntu/workspace/crgalvan/teamproject/scart.php:0
