[19-Feb-2018 23:45:34 UTC] PHP Parse error:  syntax error, unexpected '$currentnum' (T_VARIABLE) in /home/ubuntu/workspace/crgalvan/challenges/challenge3/inc/functions.php on line 9
[19-Feb-2018 23:45:34 UTC] PHP Stack trace:
[19-Feb-2018 23:45:34 UTC] PHP   1. {main}() /home/ubuntu/workspace/crgalvan/challenges/challenge3/challenge3.php:0
[19-Feb-2018 23:46:05 UTC] PHP Parse error:  syntax error, unexpected '$currentnum' (T_VARIABLE) in /home/ubuntu/workspace/crgalvan/challenges/challenge3/inc/functions.php on line 9
[19-Feb-2018 23:46:05 UTC] PHP Stack trace:
[19-Feb-2018 23:46:05 UTC] PHP   1. {main}() /home/ubuntu/workspace/crgalvan/challenges/challenge3/challenge3.php:0
[19-Feb-2018 23:46:06 UTC] PHP Parse error:  syntax error, unexpected '$currentnum' (T_VARIABLE) in /home/ubuntu/workspace/crgalvan/challenges/challenge3/inc/functions.php on line 9
[19-Feb-2018 23:46:06 UTC] PHP Stack trace:
[19-Feb-2018 23:46:06 UTC] PHP   1. {main}() /home/ubuntu/workspace/crgalvan/challenges/challenge3/challenge3.php:0
[12-Mar-2018 21:37:45 UTC] PHP Fatal error:  Uncaught exception 'PDOException' with message 'SQLSTATE[42S02]: Base table or view not found: 1146 Table 'ottermart.user' doesn't exist' in /home/ubuntu/workspace/crgalvan/challenges/challenge4/reports.php:34
Stack trace:
#0 /home/ubuntu/workspace/crgalvan/challenges/challenge4/reports.php(34): PDOStatement->execute()
#1 {main}
  thrown in /home/ubuntu/workspace/crgalvan/challenges/challenge4/reports.php on line 34
[09-Apr-2018 22:23:24 UTC] PHP Parse error:  syntax error, unexpected end of file in /home/ubuntu/workspace/crgalvan/challenges/challenge5/challenge5.php on line 42
[09-Apr-2018 22:24:07 UTC] PHP Parse error:  syntax error, unexpected end of file in /home/ubuntu/workspace/crgalvan/challenges/challenge5/challenge5.php on line 43
[09-Apr-2018 22:24:07 UTC] PHP Parse error:  syntax error, unexpected end of file in /home/ubuntu/workspace/crgalvan/challenges/challenge5/challenge5.php on line 43
[09-Apr-2018 22:47:19 UTC] PHP Parse error:  syntax error, unexpected '<' in /home/ubuntu/workspace/crgalvan/challenges/challenge5/challenge5.php on line 60
[09-Apr-2018 22:47:41 UTC] PHP Warning:  Missing argument 1 for check(), called in /home/ubuntu/workspace/crgalvan/challenges/challenge5/challenge5.php on line 58 and defined in /home/ubuntu/workspace/crgalvan/challenges/challenge5/challenge5.php on line 23
[09-Apr-2018 22:47:41 UTC] PHP Stack trace:
[09-Apr-2018 22:47:41 UTC] PHP   1. {main}() /home/ubuntu/workspace/crgalvan/challenges/challenge5/challenge5.php:0
[09-Apr-2018 22:47:41 UTC] PHP   2. check() /home/ubuntu/workspace/crgalvan/challenges/challenge5/challenge5.php:58
[11-Apr-2018 22:24:50 UTC] PHP Parse error:  syntax error, unexpected 'if' (T_IF) in /home/ubuntu/workspace/crgalvan/challenges/challenge5/challenge5.php on line 64
